2023-04-11 14:49:59,262 : root : INFO : Current Device: cuda
2023-04-11 14:52:09,819 : root : INFO : GreaseLM Loaded
2023-04-11 14:52:09,847 : root : INFO : Dataset Loaded
2023-04-11 14:52:36,965 : root : INFO : Current Prediction: 0:  B
2023-04-11 14:52:36,965 : root : INFO : Current Prediction: 1:  E
2023-04-11 14:52:44,171 : root : INFO : Current Prediction: 2:  C
2023-04-11 14:52:44,171 : root : INFO : Current Prediction: 3:  A
2023-04-11 14:52:54,558 : root : INFO : Current Prediction: 4:  A
2023-04-11 14:52:54,559 : root : INFO : Current Prediction: 5:  D
2023-04-11 14:53:05,063 : root : INFO : Current Prediction: 6:  D
2023-04-11 14:53:05,063 : root : INFO : Current Prediction: 7:  A
2023-04-11 14:53:09,030 : root : INFO : Current Prediction: 8:  C
2023-04-11 14:53:09,030 : root : INFO : Current Prediction: 9:  E
2023-04-11 14:53:17,195 : root : INFO : Current Prediction: 10:  B
2023-04-11 14:53:17,196 : root : INFO : Current Prediction: 11:  A
2023-04-11 14:53:25,379 : root : INFO : Current Prediction: 12:  C
2023-04-11 14:53:25,379 : root : INFO : Current Prediction: 13:  C
2023-04-11 14:53:31,899 : root : INFO : Current Prediction: 14:  E
2023-04-11 14:53:31,899 : root : INFO : Current Prediction: 15:  C
2023-04-11 14:53:41,504 : root : INFO : Current Prediction: 16:  E
2023-04-11 14:53:41,505 : root : INFO : Current Prediction: 17:  E
2023-04-11 14:53:48,984 : root : INFO : Current Prediction: 18:  A
2023-04-11 14:53:48,984 : root : INFO : Current Prediction: 19:  A
2023-04-11 14:53:56,680 : root : INFO : Current Prediction: 20:  E
2023-04-11 14:53:56,680 : root : INFO : Current Prediction: 21:  B
2023-04-11 14:54:30,904 : root : INFO : Current Prediction: 22:  E
2023-04-11 14:54:30,905 : root : INFO : Current Prediction: 23:  C
2023-04-11 14:54:40,002 : root : INFO : Current Prediction: 24:  E
2023-04-11 14:54:40,002 : root : INFO : Current Prediction: 25:  D
2023-04-11 14:54:48,868 : root : INFO : Current Prediction: 26:  A
2023-04-11 14:54:48,868 : root : INFO : Current Prediction: 27:  E
2023-04-11 14:55:15,075 : root : INFO : Current Prediction: 28:  E
2023-04-11 14:55:15,075 : root : INFO : Current Prediction: 29:  B
2023-04-11 14:55:35,685 : root : INFO : Current Prediction: 30:  E
2023-04-11 14:55:35,685 : root : INFO : Current Prediction: 31:  B
2023-04-11 14:56:06,955 : root : INFO : Current Prediction: 32:  A
2023-04-11 14:56:06,956 : root : INFO : Current Prediction: 33:  E
2023-04-11 14:56:21,677 : root : INFO : Current Prediction: 34:  E
2023-04-11 14:56:21,678 : root : INFO : Current Prediction: 35:  D
2023-04-11 14:56:33,196 : root : INFO : Current Prediction: 36:  E
2023-04-11 14:56:33,196 : root : INFO : Current Prediction: 37:  D
2023-04-11 14:56:38,720 : root : INFO : Current Prediction: 38:  C
2023-04-11 14:56:38,720 : root : INFO : Current Prediction: 39:  D
2023-04-11 14:57:00,032 : root : INFO : Current Prediction: 40:  D
2023-04-11 14:57:00,041 : root : INFO : Current Prediction: 41:  B
2023-04-11 14:57:09,557 : root : INFO : Current Prediction: 42:  C
2023-04-11 14:57:09,558 : root : INFO : Current Prediction: 43:  A
2023-04-11 14:57:14,639 : root : INFO : Current Prediction: 44:  B
2023-04-11 14:57:14,639 : root : INFO : Current Prediction: 45:  E
2023-04-11 14:57:20,517 : root : INFO : Current Prediction: 46:  C
2023-04-11 14:57:20,517 : root : INFO : Current Prediction: 47:  A
2023-04-11 14:57:28,665 : root : INFO : Current Prediction: 48:  B
2023-04-11 14:57:28,666 : root : INFO : Current Prediction: 49:  D
2023-04-11 14:57:37,082 : root : INFO : Current Prediction: 50:  C
2023-04-11 14:57:37,082 : root : INFO : Current Prediction: 51:  B
2023-04-11 14:57:47,622 : root : INFO : Current Prediction: 52:  A
2023-04-11 14:57:47,622 : root : INFO : Current Prediction: 53:  E
2023-04-11 14:57:53,766 : root : INFO : Current Prediction: 54:  A
2023-04-11 14:57:53,766 : root : INFO : Current Prediction: 55:  E
2023-04-11 14:58:06,267 : root : INFO : Current Prediction: 56:  D
2023-04-11 14:58:06,268 : root : INFO : Current Prediction: 57:  D
2023-04-11 14:58:10,864 : root : INFO : Current Prediction: 58:  A
2023-04-11 14:58:10,864 : root : INFO : Current Prediction: 59:  E
2023-04-11 14:58:20,980 : root : INFO : Current Prediction: 60:  A
2023-04-11 14:58:20,981 : root : INFO : Current Prediction: 61:  A
2023-04-11 14:58:26,873 : root : INFO : Current Prediction: 62:  C
2023-04-11 14:58:26,873 : root : INFO : Current Prediction: 63:  D
2023-04-11 14:58:37,689 : root : INFO : Current Prediction: 64:  B
2023-04-11 14:58:37,689 : root : INFO : Current Prediction: 65:  A
2023-04-11 14:58:44,267 : root : INFO : Current Prediction: 66:  B
2023-04-11 14:58:44,268 : root : INFO : Current Prediction: 67:  D
2023-04-11 14:58:56,323 : root : INFO : Current Prediction: 68:  E
2023-04-11 14:58:56,323 : root : INFO : Current Prediction: 69:  C
2023-04-11 14:59:07,446 : root : INFO : Current Prediction: 70:  E
2023-04-11 14:59:07,447 : root : INFO : Current Prediction: 71:  D
2023-04-11 14:59:15,126 : root : INFO : Current Prediction: 72:  D
2023-04-11 14:59:15,127 : root : INFO : Current Prediction: 73:  C
2023-04-11 14:59:25,582 : root : INFO : Current Prediction: 74:  C
2023-04-11 14:59:25,583 : root : INFO : Current Prediction: 75:  D
2023-04-11 14:59:34,775 : root : INFO : Current Prediction: 76:  B
2023-04-11 14:59:34,776 : root : INFO : Current Prediction: 77:  D
2023-04-11 14:59:40,904 : root : INFO : Current Prediction: 78:  E
2023-04-11 14:59:40,904 : root : INFO : Current Prediction: 79:  D
2023-04-11 14:59:48,209 : root : INFO : Current Prediction: 80:  C
2023-04-11 14:59:48,209 : root : INFO : Current Prediction: 81:  E
2023-04-11 15:00:12,910 : root : INFO : Current Prediction: 82:  A
2023-04-11 15:00:12,911 : root : INFO : Current Prediction: 83:  B
2023-04-11 15:00:24,379 : root : INFO : Current Prediction: 84:  E
2023-04-11 15:00:24,379 : root : INFO : Current Prediction: 85:  C
2023-04-11 15:00:43,576 : root : INFO : Current Prediction: 86:  C
2023-04-11 15:00:43,576 : root : INFO : Current Prediction: 87:  D
2023-04-11 15:01:11,408 : root : INFO : Current Prediction: 88:  B
2023-04-11 15:01:11,408 : root : INFO : Current Prediction: 89:  C
2023-04-11 15:01:15,582 : root : INFO : Current Prediction: 90:  A
2023-04-11 15:01:15,582 : root : INFO : Current Prediction: 91:  E
2023-04-11 15:01:21,336 : root : INFO : Current Prediction: 92:  A
2023-04-11 15:01:21,336 : root : INFO : Current Prediction: 93:  C
2023-04-11 15:01:27,867 : root : INFO : Current Prediction: 94:  C
2023-04-11 15:01:27,868 : root : INFO : Current Prediction: 95:  C
2023-04-11 15:01:35,231 : root : INFO : Current Prediction: 96:  B
2023-04-11 15:01:35,231 : root : INFO : Current Prediction: 97:  D
2023-04-11 15:01:40,822 : root : INFO : Current Prediction: 98:  D
2023-04-11 15:01:40,822 : root : INFO : Current Prediction: 99:  D
2023-04-11 15:01:58,010 : root : INFO : Current Prediction: 100:  B
2023-04-11 15:01:58,010 : root : INFO : Current Prediction: 101:  A
2023-04-11 15:02:18,904 : root : INFO : Current Prediction: 102:  A
2023-04-11 15:02:18,904 : root : INFO : Current Prediction: 103:  B
2023-04-11 15:02:36,791 : root : INFO : Current Prediction: 104:  C
2023-04-11 15:02:36,791 : root : INFO : Current Prediction: 105:  E
2023-04-11 15:02:48,402 : root : INFO : Current Prediction: 106:  A
2023-04-11 15:02:48,402 : root : INFO : Current Prediction: 107:  C
2023-04-11 15:02:56,391 : root : INFO : Current Prediction: 108:  E
2023-04-11 15:02:56,392 : root : INFO : Current Prediction: 109:  D
2023-04-11 15:03:05,603 : root : INFO : Current Prediction: 110:  D
2023-04-11 15:03:05,603 : root : INFO : Current Prediction: 111:  A
2023-04-11 15:03:11,033 : root : INFO : Current Prediction: 112:  D
2023-04-11 15:03:11,033 : root : INFO : Current Prediction: 113:  A
2023-04-11 15:03:15,834 : root : INFO : Current Prediction: 114:  A
2023-04-11 15:03:15,834 : root : INFO : Current Prediction: 115:  B
2023-04-11 15:03:25,934 : root : INFO : Current Prediction: 116:  B
2023-04-11 15:03:25,935 : root : INFO : Current Prediction: 117:  A
2023-04-11 15:03:32,584 : root : INFO : Current Prediction: 118:  B
2023-04-11 15:03:32,585 : root : INFO : Current Prediction: 119:  A
2023-04-11 15:03:36,719 : root : INFO : Current Prediction: 120:  C
2023-04-11 15:03:36,719 : root : INFO : Current Prediction: 121:  E
2023-04-11 15:03:42,536 : root : INFO : Current Prediction: 122:  A
2023-04-11 15:03:42,536 : root : INFO : Current Prediction: 123:  A
2023-04-11 15:03:46,723 : root : INFO : Current Prediction: 124:  D
2023-04-11 15:03:46,724 : root : INFO : Current Prediction: 125:  B
2023-04-11 15:03:53,931 : root : INFO : Current Prediction: 126:  B
2023-04-11 15:03:53,931 : root : INFO : Current Prediction: 127:  B
2023-04-11 15:04:01,963 : root : INFO : Current Prediction: 128:  D
2023-04-11 15:04:01,963 : root : INFO : Current Prediction: 129:  D
2023-04-11 15:04:09,061 : root : INFO : Current Prediction: 130:  B
2023-04-11 15:04:09,062 : root : INFO : Current Prediction: 131:  C
2023-04-11 15:04:13,801 : root : INFO : Current Prediction: 132:  B
2023-04-11 15:04:13,801 : root : INFO : Current Prediction: 133:  A
2023-04-11 15:04:22,583 : root : INFO : Current Prediction: 134:  A
2023-04-11 15:04:22,584 : root : INFO : Current Prediction: 135:  E
2023-04-11 15:04:29,826 : root : INFO : Current Prediction: 136:  D
2023-04-11 15:04:29,826 : root : INFO : Current Prediction: 137:  E
2023-04-11 15:04:42,313 : root : INFO : Current Prediction: 138:  E
2023-04-11 15:04:42,313 : root : INFO : Current Prediction: 139:  D
2023-04-11 15:04:48,700 : root : INFO : Current Prediction: 140:  B
2023-04-11 15:04:48,701 : root : INFO : Current Prediction: 141:  B
2023-04-11 15:04:57,303 : root : INFO : Current Prediction: 142:  B
2023-04-11 15:04:57,303 : root : INFO : Current Prediction: 143:  C
2023-04-11 15:05:03,260 : root : INFO : Current Prediction: 144:  C
2023-04-11 15:05:03,260 : root : INFO : Current Prediction: 145:  E
2023-04-11 15:05:10,541 : root : INFO : Current Prediction: 146:  E
2023-04-11 15:05:10,541 : root : INFO : Current Prediction: 147:  A
2023-04-11 15:05:16,939 : root : INFO : Current Prediction: 148:  E
2023-04-11 15:05:16,939 : root : INFO : Current Prediction: 149:  C
2023-04-11 15:05:24,575 : root : INFO : Current Prediction: 150:  A
2023-04-11 15:05:24,576 : root : INFO : Current Prediction: 151:  D
2023-04-11 15:05:29,482 : root : INFO : Current Prediction: 152:  A
2023-04-11 15:05:29,483 : root : INFO : Current Prediction: 153:  B
2023-04-11 15:05:36,696 : root : INFO : Current Prediction: 154:  D
2023-04-11 15:05:36,696 : root : INFO : Current Prediction: 155:  B
2023-04-11 15:05:54,120 : root : INFO : Current Prediction: 156:  E
2023-04-11 15:05:54,120 : root : INFO : Current Prediction: 157:  E
2023-04-11 15:06:00,956 : root : INFO : Current Prediction: 158:  B
2023-04-11 15:06:00,956 : root : INFO : Current Prediction: 159:  A
2023-04-11 15:06:32,269 : root : INFO : Current Prediction: 160:  D
2023-04-11 15:06:32,269 : root : INFO : Current Prediction: 161:  C
2023-04-11 15:06:47,243 : root : INFO : Current Prediction: 162:  D
2023-04-11 15:06:47,244 : root : INFO : Current Prediction: 163:  C
2023-04-11 15:06:54,484 : root : INFO : Current Prediction: 164:  D
2023-04-11 15:06:54,484 : root : INFO : Current Prediction: 165:  B
2023-04-11 15:07:01,507 : root : INFO : Current Prediction: 166:  E
2023-04-11 15:07:01,507 : root : INFO : Current Prediction: 167:  C
2023-04-11 15:07:16,150 : root : INFO : Current Prediction: 168:  B
2023-04-11 15:07:16,150 : root : INFO : Current Prediction: 169:  C
2023-04-11 15:07:37,574 : root : INFO : Current Prediction: 170:  B
2023-04-11 15:07:37,575 : root : INFO : Current Prediction: 171:  B
2023-04-11 15:07:46,725 : root : INFO : Current Prediction: 172:  D
2023-04-11 15:07:46,725 : root : INFO : Current Prediction: 173:  D
2023-04-11 15:07:55,065 : root : INFO : Current Prediction: 174:  C
2023-04-11 15:07:55,065 : root : INFO : Current Prediction: 175:  C
2023-04-11 15:08:04,835 : root : INFO : Current Prediction: 176:  E
2023-04-11 15:08:04,835 : root : INFO : Current Prediction: 177:  C
2023-04-11 15:08:09,918 : root : INFO : Current Prediction: 178:  E
2023-04-11 15:08:09,918 : root : INFO : Current Prediction: 179:  C
2023-04-11 15:08:19,672 : root : INFO : Current Prediction: 180:  C
2023-04-11 15:08:19,672 : root : INFO : Current Prediction: 181:  E
2023-04-11 15:08:34,869 : root : INFO : Current Prediction: 182:  E
2023-04-11 15:08:34,870 : root : INFO : Current Prediction: 183:  D
2023-04-11 15:08:45,500 : root : INFO : Current Prediction: 184:  E
2023-04-11 15:08:45,500 : root : INFO : Current Prediction: 185:  C
2023-04-11 15:08:55,972 : root : INFO : Current Prediction: 186:  C
2023-04-11 15:08:55,973 : root : INFO : Current Prediction: 187:  A
2023-04-11 15:09:01,927 : root : INFO : Current Prediction: 188:  E
2023-04-11 15:09:01,927 : root : INFO : Current Prediction: 189:  D
2023-04-11 15:09:07,386 : root : INFO : Current Prediction: 190:  D
2023-04-11 15:09:07,386 : root : INFO : Current Prediction: 191:  C
2023-04-11 15:09:11,826 : root : INFO : Current Prediction: 192:  A
2023-04-11 15:09:11,826 : root : INFO : Current Prediction: 193:  E
2023-04-11 15:09:17,958 : root : INFO : Current Prediction: 194:  C
2023-04-11 15:09:17,958 : root : INFO : Current Prediction: 195:  E
2023-04-11 15:09:23,333 : root : INFO : Current Prediction: 196:  E
2023-04-11 15:09:23,333 : root : INFO : Current Prediction: 197:  E
2023-04-11 15:09:46,681 : root : INFO : Current Prediction: 198:  C
2023-04-11 15:09:46,682 : root : INFO : Current Prediction: 199:  D
2023-04-11 15:09:54,616 : root : INFO : Current Prediction: 200:  A
2023-04-11 15:09:54,616 : root : INFO : Current Prediction: 201:  A
2023-04-11 15:09:59,840 : root : INFO : Current Prediction: 202:  A
2023-04-11 15:09:59,840 : root : INFO : Current Prediction: 203:  D
2023-04-11 15:10:04,971 : root : INFO : Current Prediction: 204:  D
2023-04-11 15:10:04,972 : root : INFO : Current Prediction: 205:  D
2023-04-11 15:10:11,289 : root : INFO : Current Prediction: 206:  A
2023-04-11 15:10:11,290 : root : INFO : Current Prediction: 207:  D
2023-04-11 15:10:15,731 : root : INFO : Current Prediction: 208:  D
2023-04-11 15:10:15,731 : root : INFO : Current Prediction: 209:  D
2023-04-11 15:10:26,301 : root : INFO : Current Prediction: 210:  E
2023-04-11 15:10:26,301 : root : INFO : Current Prediction: 211:  C
2023-04-11 15:10:33,219 : root : INFO : Current Prediction: 212:  A
2023-04-11 15:10:33,219 : root : INFO : Current Prediction: 213:  D
2023-04-11 15:10:55,502 : root : INFO : Current Prediction: 214:  E
2023-04-11 15:10:55,502 : root : INFO : Current Prediction: 215:  D
2023-04-11 15:11:01,184 : root : INFO : Current Prediction: 216:  D
2023-04-11 15:11:01,184 : root : INFO : Current Prediction: 217:  D
2023-04-11 15:11:08,938 : root : INFO : Current Prediction: 218:  E
2023-04-11 15:11:08,938 : root : INFO : Current Prediction: 219:  A
2023-04-11 15:11:26,450 : root : INFO : Current Prediction: 220:  B
2023-04-11 15:11:26,450 : root : INFO : Current Prediction: 221:  E
2023-04-11 15:11:45,512 : root : INFO : Current Prediction: 222:  B
2023-04-11 15:11:45,512 : root : INFO : Current Prediction: 223:  A
2023-04-11 15:11:59,108 : root : INFO : Current Prediction: 224:  A
2023-04-11 15:11:59,108 : root : INFO : Current Prediction: 225:  D
2023-04-11 15:12:06,840 : root : INFO : Current Prediction: 226:  D
2023-04-11 15:12:06,840 : root : INFO : Current Prediction: 227:  B
2023-04-11 15:12:13,602 : root : INFO : Current Prediction: 228:  A
2023-04-11 15:12:13,602 : root : INFO : Current Prediction: 229:  C
2023-04-11 15:12:27,567 : root : INFO : Current Prediction: 230:  A
2023-04-11 15:12:27,567 : root : INFO : Current Prediction: 231:  C
2023-04-11 15:12:42,586 : root : INFO : Current Prediction: 232:  D
2023-04-11 15:12:42,586 : root : INFO : Current Prediction: 233:  E
2023-04-11 15:13:05,336 : root : INFO : Current Prediction: 234:  A
2023-04-11 15:13:05,336 : root : INFO : Current Prediction: 235:  D
2023-04-11 15:13:17,682 : root : INFO : Current Prediction: 236:  A
2023-04-11 15:13:17,683 : root : INFO : Current Prediction: 237:  E
2023-04-11 15:13:45,815 : root : INFO : Current Prediction: 238:  D
2023-04-11 15:13:45,815 : root : INFO : Current Prediction: 239:  E
2023-04-11 15:14:07,272 : root : INFO : Current Prediction: 240:  A
2023-04-11 15:14:07,273 : root : INFO : Current Prediction: 241:  C
2023-04-11 15:14:19,227 : root : INFO : Current Prediction: 242:  D
2023-04-11 15:14:19,227 : root : INFO : Current Prediction: 243:  E
2023-04-11 15:14:29,534 : root : INFO : Current Prediction: 244:  D
2023-04-11 15:14:29,535 : root : INFO : Current Prediction: 245:  E
2023-04-11 15:14:47,922 : root : INFO : Current Prediction: 246:  B
2023-04-11 15:14:47,922 : root : INFO : Current Prediction: 247:  B
2023-04-11 15:15:10,472 : root : INFO : Current Prediction: 248:  B
2023-04-11 15:15:10,472 : root : INFO : Current Prediction: 249:  E
2023-04-11 15:15:18,547 : root : INFO : Current Prediction: 250:  C
2023-04-11 15:15:18,547 : root : INFO : Current Prediction: 251:  B
2023-04-11 15:15:33,314 : root : INFO : Current Prediction: 252:  E
2023-04-11 15:15:33,315 : root : INFO : Current Prediction: 253:  E
2023-04-11 15:15:42,137 : root : INFO : Current Prediction: 254:  A
2023-04-11 15:15:42,137 : root : INFO : Current Prediction: 255:  A
2023-04-11 15:16:00,797 : root : INFO : Current Prediction: 256:  D
2023-04-11 15:16:00,797 : root : INFO : Current Prediction: 257:  A
2023-04-11 15:17:02,145 : root : INFO : Current Prediction: 258:  E
2023-04-11 15:17:02,145 : root : INFO : Current Prediction: 259:  B
2023-04-11 15:17:16,858 : root : INFO : Current Prediction: 260:  C
2023-04-11 15:17:16,858 : root : INFO : Current Prediction: 261:  D
2023-04-11 15:17:23,908 : root : INFO : Current Prediction: 262:  E
2023-04-11 15:17:23,908 : root : INFO : Current Prediction: 263:  D
2023-04-11 15:17:35,095 : root : INFO : Current Prediction: 264:  E
2023-04-11 15:17:35,095 : root : INFO : Current Prediction: 265:  B
2023-04-11 15:17:43,420 : root : INFO : Current Prediction: 266:  A
2023-04-11 15:17:43,421 : root : INFO : Current Prediction: 267:  D
2023-04-11 15:18:03,089 : root : INFO : Current Prediction: 268:  E
2023-04-11 15:18:03,090 : root : INFO : Current Prediction: 269:  E
2023-04-11 15:18:19,250 : root : INFO : Current Prediction: 270:  A
2023-04-11 15:18:19,251 : root : INFO : Current Prediction: 271:  D
2023-04-11 15:18:27,569 : root : INFO : Current Prediction: 272:  D
2023-04-11 15:18:27,570 : root : INFO : Current Prediction: 273:  B
2023-04-11 15:18:57,255 : root : INFO : Current Prediction: 274:  E
2023-04-11 15:18:57,255 : root : INFO : Current Prediction: 275:  A
2023-04-11 15:19:06,546 : root : INFO : Current Prediction: 276:  E
2023-04-11 15:19:06,547 : root : INFO : Current Prediction: 277:  B
2023-04-11 15:19:20,019 : root : INFO : Current Prediction: 278:  D
2023-04-11 15:19:20,020 : root : INFO : Current Prediction: 279:  D
2023-04-11 15:19:38,659 : root : INFO : Current Prediction: 280:  E
2023-04-11 15:19:38,659 : root : INFO : Current Prediction: 281:  E
2023-04-11 15:19:52,474 : root : INFO : Current Prediction: 282:  A
2023-04-11 15:19:52,474 : root : INFO : Current Prediction: 283:  B
2023-04-11 15:20:09,224 : root : INFO : Current Prediction: 284:  A
2023-04-11 15:20:09,224 : root : INFO : Current Prediction: 285:  C
2023-04-11 15:20:13,407 : root : INFO : Current Prediction: 286:  C
2023-04-11 15:20:13,407 : root : INFO : Current Prediction: 287:  E
2023-04-11 15:20:21,556 : root : INFO : Current Prediction: 288:  A
2023-04-11 15:20:21,556 : root : INFO : Current Prediction: 289:  B
2023-04-11 15:20:38,997 : root : INFO : Current Prediction: 290:  D
2023-04-11 15:20:38,998 : root : INFO : Current Prediction: 291:  A
2023-04-11 15:21:08,037 : root : INFO : Current Prediction: 292:  B
2023-04-11 15:21:08,038 : root : INFO : Current Prediction: 293:  C
2023-04-11 15:21:15,510 : root : INFO : Current Prediction: 294:  B
2023-04-11 15:21:15,511 : root : INFO : Current Prediction: 295:  D
2023-04-11 15:21:27,555 : root : INFO : Current Prediction: 296:  C
2023-04-11 15:21:27,555 : root : INFO : Current Prediction: 297:  A
2023-04-11 15:21:48,007 : root : INFO : Current Prediction: 298:  A
2023-04-11 15:21:48,007 : root : INFO : Current Prediction: 299:  E
2023-04-11 15:22:01,713 : root : INFO : Current Prediction: 300:  B
2023-04-11 15:22:01,713 : root : INFO : Current Prediction: 301:  D
2023-04-11 15:22:19,490 : root : INFO : Current Prediction: 302:  E
2023-04-11 15:22:19,491 : root : INFO : Current Prediction: 303:  B
2023-04-11 15:22:33,624 : root : INFO : Current Prediction: 304:  E
2023-04-11 15:22:33,643 : root : INFO : Current Prediction: 305:  E
2023-04-11 15:22:49,335 : root : INFO : Current Prediction: 306:  D
2023-04-11 15:22:49,335 : root : INFO : Current Prediction: 307:  C
2023-04-11 15:22:58,199 : root : INFO : Current Prediction: 308:  D
2023-04-11 15:22:58,200 : root : INFO : Current Prediction: 309:  B
2023-04-11 15:23:07,947 : root : INFO : Current Prediction: 310:  A
2023-04-11 15:23:07,948 : root : INFO : Current Prediction: 311:  B
2023-04-11 15:23:20,100 : root : INFO : Current Prediction: 312:  B
2023-04-11 15:23:20,101 : root : INFO : Current Prediction: 313:  E
2023-04-11 15:23:35,036 : root : INFO : Current Prediction: 314:  D
2023-04-11 15:23:35,036 : root : INFO : Current Prediction: 315:  B
2023-04-11 15:23:57,984 : root : INFO : Current Prediction: 316:  B
2023-04-11 15:23:57,985 : root : INFO : Current Prediction: 317:  A
2023-04-11 15:24:34,452 : root : INFO : Current Prediction: 318:  E
2023-04-11 15:24:34,453 : root : INFO : Current Prediction: 319:  A
2023-04-11 15:24:48,373 : root : INFO : Current Prediction: 320:  E
2023-04-11 15:24:48,373 : root : INFO : Current Prediction: 321:  B
2023-04-11 15:25:04,151 : root : INFO : Current Prediction: 322:  C
2023-04-11 15:25:04,151 : root : INFO : Current Prediction: 323:  E
2023-04-11 15:25:14,945 : root : INFO : Current Prediction: 324:  E
2023-04-11 15:25:14,945 : root : INFO : Current Prediction: 325:  B
2023-04-11 15:25:36,341 : root : INFO : Current Prediction: 326:  A
2023-04-11 15:25:36,341 : root : INFO : Current Prediction: 327:  D
2023-04-11 15:25:59,177 : root : INFO : Current Prediction: 328:  E
2023-04-11 15:25:59,177 : root : INFO : Current Prediction: 329:  A
2023-04-11 15:26:17,313 : root : INFO : Current Prediction: 330:  E
2023-04-11 15:26:17,314 : root : INFO : Current Prediction: 331:  D
2023-04-11 15:26:44,745 : root : INFO : Current Prediction: 332:  B
2023-04-11 15:26:44,745 : root : INFO : Current Prediction: 333:  B
2023-04-11 15:26:57,216 : root : INFO : Current Prediction: 334:  A
2023-04-11 15:26:57,217 : root : INFO : Current Prediction: 335:  B
2023-04-11 15:27:10,873 : root : INFO : Current Prediction: 336:  A
2023-04-11 15:27:10,873 : root : INFO : Current Prediction: 337:  A
2023-04-11 15:27:25,669 : root : INFO : Current Prediction: 338:  C
2023-04-11 15:27:25,669 : root : INFO : Current Prediction: 339:  B
2023-04-11 15:27:40,245 : root : INFO : Current Prediction: 340:  D
2023-04-11 15:27:40,246 : root : INFO : Current Prediction: 341:  D
2023-04-11 15:28:06,271 : root : INFO : Current Prediction: 342:  E
2023-04-11 15:28:06,271 : root : INFO : Current Prediction: 343:  C
2023-04-11 15:28:31,072 : root : INFO : Current Prediction: 344:  C
2023-04-11 15:28:31,073 : root : INFO : Current Prediction: 345:  A
2023-04-11 15:28:41,999 : root : INFO : Current Prediction: 346:  C
2023-04-11 15:28:41,999 : root : INFO : Current Prediction: 347:  A
2023-04-11 15:29:03,113 : root : INFO : Current Prediction: 348:  A
2023-04-11 15:29:03,113 : root : INFO : Current Prediction: 349:  C
2023-04-11 15:29:21,914 : root : INFO : Current Prediction: 350:  A
2023-04-11 15:29:21,914 : root : INFO : Current Prediction: 351:  E
2023-04-11 15:29:48,900 : root : INFO : Current Prediction: 352:  E
2023-04-11 15:29:48,900 : root : INFO : Current Prediction: 353:  B
2023-04-11 15:30:06,622 : root : INFO : Current Prediction: 354:  E
2023-04-11 15:30:06,622 : root : INFO : Current Prediction: 355:  E
2023-04-11 15:30:21,080 : root : INFO : Current Prediction: 356:  E
2023-04-11 15:30:21,080 : root : INFO : Current Prediction: 357:  C
2023-04-11 15:30:31,931 : root : INFO : Current Prediction: 358:  E
2023-04-11 15:30:31,931 : root : INFO : Current Prediction: 359:  B
2023-04-11 15:30:46,609 : root : INFO : Current Prediction: 360:  A
2023-04-11 15:30:46,609 : root : INFO : Current Prediction: 361:  A
2023-04-11 15:31:17,983 : root : INFO : Current Prediction: 362:  B
2023-04-11 15:31:17,983 : root : INFO : Current Prediction: 363:  E
2023-04-11 15:31:24,375 : root : INFO : Current Prediction: 364:  D
2023-04-11 15:31:24,375 : root : INFO : Current Prediction: 365:  A
2023-04-11 15:32:10,064 : root : INFO : Current Prediction: 366:  D
2023-04-11 15:32:10,065 : root : INFO : Current Prediction: 367:  D
2023-04-11 15:32:18,371 : root : INFO : Current Prediction: 368:  D
2023-04-11 15:32:18,372 : root : INFO : Current Prediction: 369:  A
2023-04-11 15:32:28,360 : root : INFO : Current Prediction: 370:  E
2023-04-11 15:32:28,360 : root : INFO : Current Prediction: 371:  D
2023-04-11 15:32:37,943 : root : INFO : Current Prediction: 372:  A
2023-04-11 15:32:37,944 : root : INFO : Current Prediction: 373:  B
2023-04-11 15:32:45,855 : root : INFO : Current Prediction: 374:  D
2023-04-11 15:32:45,855 : root : INFO : Current Prediction: 375:  A
2023-04-11 15:32:58,288 : root : INFO : Current Prediction: 376:  C
2023-04-11 15:32:58,289 : root : INFO : Current Prediction: 377:  B
2023-04-11 15:33:18,750 : root : INFO : Current Prediction: 378:  A
2023-04-11 15:33:18,750 : root : INFO : Current Prediction: 379:  B
2023-04-11 15:33:23,568 : root : INFO : Current Prediction: 380:  A
2023-04-11 15:33:23,568 : root : INFO : Current Prediction: 381:  D
2023-04-11 15:33:28,242 : root : INFO : Current Prediction: 382:  A
2023-04-11 15:33:28,242 : root : INFO : Current Prediction: 383:  D
2023-04-11 15:33:50,996 : root : INFO : Current Prediction: 384:  D
2023-04-11 15:33:50,997 : root : INFO : Current Prediction: 385:  B
2023-04-11 15:33:58,472 : root : INFO : Current Prediction: 386:  B
2023-04-11 15:33:58,472 : root : INFO : Current Prediction: 387:  E
2023-04-11 15:34:20,402 : root : INFO : Current Prediction: 388:  D
2023-04-11 15:34:20,404 : root : INFO : Current Prediction: 389:  A
2023-04-11 15:34:35,184 : root : INFO : Current Prediction: 390:  A
2023-04-11 15:34:35,185 : root : INFO : Current Prediction: 391:  E
2023-04-11 15:34:43,430 : root : INFO : Current Prediction: 392:  B
2023-04-11 15:34:43,431 : root : INFO : Current Prediction: 393:  A
2023-04-11 15:34:49,333 : root : INFO : Current Prediction: 394:  D
2023-04-11 15:34:49,334 : root : INFO : Current Prediction: 395:  A
2023-04-11 15:34:58,213 : root : INFO : Current Prediction: 396:  E
2023-04-11 15:34:58,213 : root : INFO : Current Prediction: 397:  E
2023-04-11 15:35:34,094 : root : INFO : Current Prediction: 398:  A
2023-04-11 15:35:34,095 : root : INFO : Current Prediction: 399:  E
2023-04-11 15:36:06,972 : root : INFO : Current Prediction: 400:  B
2023-04-11 15:36:06,973 : root : INFO : Current Prediction: 401:  A
2023-04-11 15:36:13,671 : root : INFO : Current Prediction: 402:  E
2023-04-11 15:36:13,671 : root : INFO : Current Prediction: 403:  B
2023-04-11 15:36:26,431 : root : INFO : Current Prediction: 404:  C
2023-04-11 15:36:26,431 : root : INFO : Current Prediction: 405:  B
2023-04-11 15:36:57,593 : root : INFO : Current Prediction: 406:  D
2023-04-11 15:36:57,593 : root : INFO : Current Prediction: 407:  B
2023-04-11 15:37:08,637 : root : INFO : Current Prediction: 408:  B
2023-04-11 15:37:08,638 : root : INFO : Current Prediction: 409:  C
2023-04-11 15:37:14,794 : root : INFO : Current Prediction: 410:  E
2023-04-11 15:37:14,794 : root : INFO : Current Prediction: 411:  B
2023-04-11 15:37:33,168 : root : INFO : Current Prediction: 412:  E
2023-04-11 15:37:33,169 : root : INFO : Current Prediction: 413:  A
2023-04-11 15:37:58,173 : root : INFO : Current Prediction: 414:  B
2023-04-11 15:37:58,173 : root : INFO : Current Prediction: 415:  D
2023-04-11 15:38:50,047 : root : INFO : Current Prediction: 416:  B
2023-04-11 15:38:50,048 : root : INFO : Current Prediction: 417:  D
2023-04-11 15:39:07,391 : root : INFO : Current Prediction: 418:  B
2023-04-11 15:39:07,392 : root : INFO : Current Prediction: 419:  D
2023-04-11 15:39:23,308 : root : INFO : Current Prediction: 420:  D
2023-04-11 15:39:23,308 : root : INFO : Current Prediction: 421:  D
2023-04-11 15:39:40,125 : root : INFO : Current Prediction: 422:  E
2023-04-11 15:39:40,125 : root : INFO : Current Prediction: 423:  E
2023-04-11 15:39:47,796 : root : INFO : Current Prediction: 424:  E
2023-04-11 15:39:47,797 : root : INFO : Current Prediction: 425:  A
2023-04-11 15:40:01,912 : root : INFO : Current Prediction: 426:  A
2023-04-11 15:40:01,912 : root : INFO : Current Prediction: 427:  D
2023-04-11 15:40:35,344 : root : INFO : Current Prediction: 428:  B
2023-04-11 15:40:35,354 : root : INFO : Current Prediction: 429:  D
2023-04-11 15:40:44,292 : root : INFO : Current Prediction: 430:  D
2023-04-11 15:40:44,292 : root : INFO : Current Prediction: 431:  A
2023-04-11 15:40:51,287 : root : INFO : Current Prediction: 432:  E
2023-04-11 15:40:51,287 : root : INFO : Current Prediction: 433:  A
2023-04-11 15:40:55,806 : root : INFO : Current Prediction: 434:  E
2023-04-11 15:40:55,806 : root : INFO : Current Prediction: 435:  B
2023-04-11 15:41:10,316 : root : INFO : Current Prediction: 436:  E
2023-04-11 15:41:10,316 : root : INFO : Current Prediction: 437:  D
2023-04-11 15:41:38,530 : root : INFO : Current Prediction: 438:  C
2023-04-11 15:41:38,530 : root : INFO : Current Prediction: 439:  B
2023-04-11 15:41:49,062 : root : INFO : Current Prediction: 440:  B
2023-04-11 15:41:49,063 : root : INFO : Current Prediction: 441:  B
2023-04-11 15:41:53,473 : root : INFO : Current Prediction: 442:  E
2023-04-11 15:41:53,473 : root : INFO : Current Prediction: 443:  C
2023-04-11 15:42:08,393 : root : INFO : Current Prediction: 444:  A
2023-04-11 15:42:08,393 : root : INFO : Current Prediction: 445:  A
2023-04-11 15:42:25,873 : root : INFO : Current Prediction: 446:  D
2023-04-11 15:42:25,873 : root : INFO : Current Prediction: 447:  E
2023-04-11 15:43:25,825 : root : INFO : Current Prediction: 448:  E
2023-04-11 15:43:25,826 : root : INFO : Current Prediction: 449:  A
2023-04-11 15:43:36,061 : root : INFO : Current Prediction: 450:  E
2023-04-11 15:43:36,061 : root : INFO : Current Prediction: 451:  D
2023-04-11 15:43:46,847 : root : INFO : Current Prediction: 452:  A
2023-04-11 15:43:46,847 : root : INFO : Current Prediction: 453:  C
2023-04-11 15:44:02,121 : root : INFO : Current Prediction: 454:  A
2023-04-11 15:44:02,122 : root : INFO : Current Prediction: 455:  E
2023-04-11 15:44:13,194 : root : INFO : Current Prediction: 456:  C
2023-04-11 15:44:13,194 : root : INFO : Current Prediction: 457:  A
2023-04-11 15:44:28,948 : root : INFO : Current Prediction: 458:  C
2023-04-11 15:44:28,949 : root : INFO : Current Prediction: 459:  B
2023-04-11 15:44:38,746 : root : INFO : Current Prediction: 460:  A
2023-04-11 15:44:38,746 : root : INFO : Current Prediction: 461:  D
2023-04-11 15:44:52,801 : root : INFO : Current Prediction: 462:  B
2023-04-11 15:44:52,802 : root : INFO : Current Prediction: 463:  C
2023-04-11 15:45:15,906 : root : INFO : Current Prediction: 464:  B
2023-04-11 15:45:15,906 : root : INFO : Current Prediction: 465:  B
2023-04-11 15:45:26,356 : root : INFO : Current Prediction: 466:  A
2023-04-11 15:45:26,357 : root : INFO : Current Prediction: 467:  C
2023-04-11 15:45:41,625 : root : INFO : Current Prediction: 468:  A
2023-04-11 15:45:41,625 : root : INFO : Current Prediction: 469:  C
2023-04-11 15:46:03,256 : root : INFO : Current Prediction: 470:  A
2023-04-11 15:46:03,256 : root : INFO : Current Prediction: 471:  B
2023-04-11 15:46:11,843 : root : INFO : Current Prediction: 472:  A
2023-04-11 15:46:11,843 : root : INFO : Current Prediction: 473:  B
2023-04-11 15:46:16,979 : root : INFO : Current Prediction: 474:  A
2023-04-11 15:46:16,979 : root : INFO : Current Prediction: 475:  B
2023-04-11 15:46:34,398 : root : INFO : Current Prediction: 476:  A
2023-04-11 15:46:34,399 : root : INFO : Current Prediction: 477:  C
2023-04-11 15:46:56,421 : root : INFO : Current Prediction: 478:  D
2023-04-11 15:46:56,422 : root : INFO : Current Prediction: 479:  D
2023-04-11 15:47:08,983 : root : INFO : Current Prediction: 480:  A
2023-04-11 15:47:08,984 : root : INFO : Current Prediction: 481:  C
2023-04-11 15:47:29,327 : root : INFO : Current Prediction: 482:  E
2023-04-11 15:47:29,327 : root : INFO : Current Prediction: 483:  D
2023-04-11 15:47:49,756 : root : INFO : Current Prediction: 484:  D
2023-04-11 15:47:49,757 : root : INFO : Current Prediction: 485:  C
2023-04-11 15:48:02,324 : root : INFO : Current Prediction: 486:  E
2023-04-11 15:48:02,325 : root : INFO : Current Prediction: 487:  E
2023-04-11 15:48:24,395 : root : INFO : Current Prediction: 488:  C
2023-04-11 15:48:24,395 : root : INFO : Current Prediction: 489:  B
2023-04-11 15:48:29,168 : root : INFO : Current Prediction: 490:  A
2023-04-11 15:48:29,169 : root : INFO : Current Prediction: 491:  D
2023-04-11 15:49:04,949 : root : INFO : Current Prediction: 492:  B
2023-04-11 15:49:04,949 : root : INFO : Current Prediction: 493:  D
2023-04-11 15:49:34,204 : root : INFO : Current Prediction: 494:  C
2023-04-11 15:49:34,205 : root : INFO : Current Prediction: 495:  E
2023-04-11 15:49:41,766 : root : INFO : Current Prediction: 496:  D
2023-04-11 15:49:41,766 : root : INFO : Current Prediction: 497:  B
2023-04-11 15:49:57,545 : root : INFO : Current Prediction: 498:  E
2023-04-11 15:49:57,545 : root : INFO : Current Prediction: 499:  B
2023-04-11 15:50:02,857 : root : INFO : Current Prediction: 500:  D
2023-04-11 15:50:02,858 : root : INFO : Current Prediction: 501:  D
2023-04-11 15:50:12,587 : root : INFO : Current Prediction: 502:  D
2023-04-11 15:50:12,588 : root : INFO : Current Prediction: 503:  C
2023-04-11 15:50:50,131 : root : INFO : Current Prediction: 504:  E
2023-04-11 15:50:50,131 : root : INFO : Current Prediction: 505:  A
2023-04-11 15:50:58,624 : root : INFO : Current Prediction: 506:  E
2023-04-11 15:50:58,624 : root : INFO : Current Prediction: 507:  E
2023-04-11 15:51:09,180 : root : INFO : Current Prediction: 508:  B
2023-04-11 15:51:09,181 : root : INFO : Current Prediction: 509:  D
2023-04-11 15:51:15,663 : root : INFO : Current Prediction: 510:  C
2023-04-11 15:51:15,663 : root : INFO : Current Prediction: 511:  A
2023-04-11 15:51:31,657 : root : INFO : Current Prediction: 512:  E
2023-04-11 15:51:31,658 : root : INFO : Current Prediction: 513:  B
2023-04-11 15:51:49,835 : root : INFO : Current Prediction: 514:  D
2023-04-11 15:51:49,836 : root : INFO : Current Prediction: 515:  A
2023-04-11 15:52:04,187 : root : INFO : Current Prediction: 516:  A
2023-04-11 15:52:04,188 : root : INFO : Current Prediction: 517:  E
2023-04-11 15:52:13,522 : root : INFO : Current Prediction: 518:  B
2023-04-11 15:52:13,523 : root : INFO : Current Prediction: 519:  B
2023-04-11 15:52:34,192 : root : INFO : Current Prediction: 520:  C
2023-04-11 15:52:34,192 : root : INFO : Current Prediction: 521:  E
2023-04-11 15:52:48,536 : root : INFO : Current Prediction: 522:  E
2023-04-11 15:52:48,536 : root : INFO : Current Prediction: 523:  E
2023-04-11 15:52:59,182 : root : INFO : Current Prediction: 524:  C
2023-04-11 15:52:59,182 : root : INFO : Current Prediction: 525:  A
2023-04-11 15:53:16,613 : root : INFO : Current Prediction: 526:  A
2023-04-11 15:53:16,614 : root : INFO : Current Prediction: 527:  D
2023-04-11 15:53:41,374 : root : INFO : Current Prediction: 528:  A
2023-04-11 15:53:41,374 : root : INFO : Current Prediction: 529:  D
2023-04-11 15:54:48,819 : root : INFO : Current Prediction: 530:  C
2023-04-11 15:54:48,819 : root : INFO : Current Prediction: 531:  D
2023-04-11 15:55:43,576 : root : INFO : Current Prediction: 532:  C
2023-04-11 15:55:43,576 : root : INFO : Current Prediction: 533:  A
2023-04-11 15:55:51,823 : root : INFO : Current Prediction: 534:  C
2023-04-11 15:55:51,823 : root : INFO : Current Prediction: 535:  A
2023-04-11 15:56:13,125 : root : INFO : Current Prediction: 536:  B
2023-04-11 15:56:13,125 : root : INFO : Current Prediction: 537:  C
2023-04-11 15:56:23,184 : root : INFO : Current Prediction: 538:  A
2023-04-11 15:56:23,184 : root : INFO : Current Prediction: 539:  E
2023-04-11 15:56:37,312 : root : INFO : Current Prediction: 540:  D
2023-04-11 15:56:37,313 : root : INFO : Current Prediction: 541:  D
2023-04-11 15:57:01,984 : root : INFO : Current Prediction: 542:  A
2023-04-11 15:57:01,984 : root : INFO : Current Prediction: 543:  C
2023-04-11 15:57:08,391 : root : INFO : Current Prediction: 544:  A
2023-04-11 15:57:08,391 : root : INFO : Current Prediction: 545:  C
2023-04-11 15:57:14,461 : root : INFO : Current Prediction: 546:  A
2023-04-11 15:57:14,462 : root : INFO : Current Prediction: 547:  D
2023-04-11 15:57:21,482 : root : INFO : Current Prediction: 548:  B
2023-04-11 15:57:21,483 : root : INFO : Current Prediction: 549:  B
2023-04-11 15:57:29,807 : root : INFO : Current Prediction: 550:  B
2023-04-11 15:57:29,807 : root : INFO : Current Prediction: 551:  E
2023-04-11 15:57:36,681 : root : INFO : Current Prediction: 552:  D
2023-04-11 15:57:36,682 : root : INFO : Current Prediction: 553:  A
2023-04-11 15:57:48,017 : root : INFO : Current Prediction: 554:  C
2023-04-11 15:57:48,018 : root : INFO : Current Prediction: 555:  C
2023-04-11 15:57:55,917 : root : INFO : Current Prediction: 556:  E
2023-04-11 15:57:55,918 : root : INFO : Current Prediction: 557:  C
2023-04-11 15:58:03,502 : root : INFO : Current Prediction: 558:  E
2023-04-11 15:58:03,503 : root : INFO : Current Prediction: 559:  A
2023-04-11 15:58:09,301 : root : INFO : Current Prediction: 560:  D
2023-04-11 15:58:09,301 : root : INFO : Current Prediction: 561:  E
2023-04-11 15:58:29,486 : root : INFO : Current Prediction: 562:  E
2023-04-11 15:58:29,486 : root : INFO : Current Prediction: 563:  C
2023-04-11 15:58:39,317 : root : INFO : Current Prediction: 564:  B
2023-04-11 15:58:39,317 : root : INFO : Current Prediction: 565:  C
2023-04-11 15:58:43,446 : root : INFO : Current Prediction: 566:  B
2023-04-11 15:58:43,446 : root : INFO : Current Prediction: 567:  C
2023-04-11 15:58:56,627 : root : INFO : Current Prediction: 568:  C
2023-04-11 15:58:56,627 : root : INFO : Current Prediction: 569:  B
2023-04-11 15:59:04,317 : root : INFO : Current Prediction: 570:  B
2023-04-11 15:59:04,317 : root : INFO : Current Prediction: 571:  D
2023-04-11 15:59:16,793 : root : INFO : Current Prediction: 572:  A
2023-04-11 15:59:16,793 : root : INFO : Current Prediction: 573:  B
2023-04-11 15:59:23,480 : root : INFO : Current Prediction: 574:  D
2023-04-11 15:59:23,480 : root : INFO : Current Prediction: 575:  E
2023-04-11 15:59:29,864 : root : INFO : Current Prediction: 576:  E
2023-04-11 15:59:29,875 : root : INFO : Current Prediction: 577:  E
2023-04-11 15:59:39,422 : root : INFO : Current Prediction: 578:  B
2023-04-11 15:59:39,423 : root : INFO : Current Prediction: 579:  C
2023-04-11 15:59:44,903 : root : INFO : Current Prediction: 580:  B
2023-04-11 15:59:44,903 : root : INFO : Current Prediction: 581:  B
2023-04-11 15:59:55,368 : root : INFO : Current Prediction: 582:  A
2023-04-11 15:59:55,368 : root : INFO : Current Prediction: 583:  C
2023-04-11 16:00:00,109 : root : INFO : Current Prediction: 584:  E
2023-04-11 16:00:00,109 : root : INFO : Current Prediction: 585:  C
2023-04-11 16:00:09,149 : root : INFO : Current Prediction: 586:  C
2023-04-11 16:00:09,150 : root : INFO : Current Prediction: 587:  E
2023-04-11 16:00:15,147 : root : INFO : Current Prediction: 588:  C
2023-04-11 16:00:15,147 : root : INFO : Current Prediction: 589:  A
2023-04-11 16:00:46,891 : root : INFO : Current Prediction: 590:  D
2023-04-11 16:00:46,891 : root : INFO : Current Prediction: 591:  C
2023-04-11 16:01:21,948 : root : INFO : Current Prediction: 592:  B
2023-04-11 16:01:21,948 : root : INFO : Current Prediction: 593:  D
2023-04-11 16:01:27,344 : root : INFO : Current Prediction: 594:  E
2023-04-11 16:01:27,345 : root : INFO : Current Prediction: 595:  D
2023-04-11 16:01:38,428 : root : INFO : Current Prediction: 596:  A
2023-04-11 16:01:38,429 : root : INFO : Current Prediction: 597:  B
2023-04-11 16:01:48,134 : root : INFO : Current Prediction: 598:  C
2023-04-11 16:01:48,134 : root : INFO : Current Prediction: 599:  C
2023-04-11 16:02:05,681 : root : INFO : Current Prediction: 600:  D
2023-04-11 16:02:05,681 : root : INFO : Current Prediction: 601:  C
2023-04-11 16:02:37,642 : root : INFO : Current Prediction: 602:  C
2023-04-11 16:02:37,642 : root : INFO : Current Prediction: 603:  D
2023-04-11 16:02:43,213 : root : INFO : Current Prediction: 604:  C
2023-04-11 16:02:43,214 : root : INFO : Current Prediction: 605:  B
2023-04-11 16:03:32,994 : root : INFO : Current Prediction: 606:  E
2023-04-11 16:03:32,994 : root : INFO : Current Prediction: 607:  E
2023-04-11 16:03:40,767 : root : INFO : Current Prediction: 608:  E
2023-04-11 16:03:40,768 : root : INFO : Current Prediction: 609:  B
2023-04-11 16:03:56,507 : root : INFO : Current Prediction: 610:  B
2023-04-11 16:03:56,507 : root : INFO : Current Prediction: 611:  D
2023-04-11 16:04:10,565 : root : INFO : Current Prediction: 612:  B
2023-04-11 16:04:10,566 : root : INFO : Current Prediction: 613:  A
2023-04-11 16:04:30,098 : root : INFO : Current Prediction: 614:  E
2023-04-11 16:04:30,099 : root : INFO : Current Prediction: 615:  E
2023-04-11 16:04:47,386 : root : INFO : Current Prediction: 616:  C
2023-04-11 16:04:47,387 : root : INFO : Current Prediction: 617:  C
2023-04-11 16:05:33,022 : root : INFO : Current Prediction: 618:  A
2023-04-11 16:05:33,022 : root : INFO : Current Prediction: 619:  A
2023-04-11 16:05:43,081 : root : INFO : Current Prediction: 620:  D
2023-04-11 16:05:43,081 : root : INFO : Current Prediction: 621:  C
2023-04-11 16:05:53,030 : root : INFO : Current Prediction: 622:  A
2023-04-11 16:05:53,030 : root : INFO : Current Prediction: 623:  D
2023-04-11 16:06:01,796 : root : INFO : Current Prediction: 624:  B
2023-04-11 16:06:01,796 : root : INFO : Current Prediction: 625:  C
2023-04-11 16:06:57,890 : root : INFO : Current Prediction: 626:  D
2023-04-11 16:06:57,891 : root : INFO : Current Prediction: 627:  B
2023-04-11 16:07:18,880 : root : INFO : Current Prediction: 628:  A
2023-04-11 16:07:18,880 : root : INFO : Current Prediction: 629:  B
2023-04-11 16:07:30,659 : root : INFO : Current Prediction: 630:  B
2023-04-11 16:07:30,660 : root : INFO : Current Prediction: 631:  B
2023-04-11 16:07:47,710 : root : INFO : Current Prediction: 632:  C
2023-04-11 16:07:47,711 : root : INFO : Current Prediction: 633:  B
2023-04-11 16:07:52,917 : root : INFO : Current Prediction: 634:  E
2023-04-11 16:07:52,917 : root : INFO : Current Prediction: 635:  B
2023-04-11 16:08:01,174 : root : INFO : Current Prediction: 636:  A
2023-04-11 16:08:01,174 : root : INFO : Current Prediction: 637:  C
2023-04-11 16:08:20,247 : root : INFO : Current Prediction: 638:  A
2023-04-11 16:08:20,247 : root : INFO : Current Prediction: 639:  A
2023-04-11 16:08:35,692 : root : INFO : Current Prediction: 640:  B
2023-04-11 16:08:35,693 : root : INFO : Current Prediction: 641:  D
2023-04-11 16:08:50,499 : root : INFO : Current Prediction: 642:  E
2023-04-11 16:08:50,499 : root : INFO : Current Prediction: 643:  E
2023-04-11 16:09:01,943 : root : INFO : Current Prediction: 644:  E
2023-04-11 16:09:01,943 : root : INFO : Current Prediction: 645:  C
2023-04-11 16:09:22,342 : root : INFO : Current Prediction: 646:  A
2023-04-11 16:09:22,343 : root : INFO : Current Prediction: 647:  A
2023-04-11 16:09:36,840 : root : INFO : Current Prediction: 648:  E
2023-04-11 16:09:36,840 : root : INFO : Current Prediction: 649:  A
2023-04-11 16:09:50,305 : root : INFO : Current Prediction: 650:  A
2023-04-11 16:09:50,305 : root : INFO : Current Prediction: 651:  A
2023-04-11 16:10:02,155 : root : INFO : Current Prediction: 652:  C
2023-04-11 16:10:02,155 : root : INFO : Current Prediction: 653:  A
2023-04-11 16:10:16,291 : root : INFO : Current Prediction: 654:  E
2023-04-11 16:10:16,292 : root : INFO : Current Prediction: 655:  B
2023-04-11 16:10:36,646 : root : INFO : Current Prediction: 656:  C
2023-04-11 16:10:36,646 : root : INFO : Current Prediction: 657:  B
2023-04-11 16:10:51,659 : root : INFO : Current Prediction: 658:  D
2023-04-11 16:10:51,659 : root : INFO : Current Prediction: 659:  A
2023-04-11 16:11:18,076 : root : INFO : Current Prediction: 660:  C
2023-04-11 16:11:18,076 : root : INFO : Current Prediction: 661:  B
2023-04-11 16:11:44,472 : root : INFO : Current Prediction: 662:  B
2023-04-11 16:11:44,490 : root : INFO : Current Prediction: 663:  B
2023-04-11 16:12:07,827 : root : INFO : Current Prediction: 664:  E
2023-04-11 16:12:07,828 : root : INFO : Current Prediction: 665:  B
2023-04-11 16:12:36,326 : root : INFO : Current Prediction: 666:  B
2023-04-11 16:12:36,327 : root : INFO : Current Prediction: 667:  D
2023-04-11 16:12:48,087 : root : INFO : Current Prediction: 668:  A
2023-04-11 16:12:48,088 : root : INFO : Current Prediction: 669:  B
2023-04-11 16:12:54,928 : root : INFO : Current Prediction: 670:  D
2023-04-11 16:12:54,929 : root : INFO : Current Prediction: 671:  D
2023-04-11 16:13:10,108 : root : INFO : Current Prediction: 672:  A
2023-04-11 16:13:10,109 : root : INFO : Current Prediction: 673:  B
2023-04-11 16:13:22,207 : root : INFO : Current Prediction: 674:  E
2023-04-11 16:13:22,208 : root : INFO : Current Prediction: 675:  B
2023-04-11 16:13:35,277 : root : INFO : Current Prediction: 676:  C
2023-04-11 16:13:35,278 : root : INFO : Current Prediction: 677:  E
2023-04-11 16:13:53,551 : root : INFO : Current Prediction: 678:  D
2023-04-11 16:13:53,551 : root : INFO : Current Prediction: 679:  C
2023-04-11 16:14:10,869 : root : INFO : Current Prediction: 680:  C
2023-04-11 16:14:10,870 : root : INFO : Current Prediction: 681:  B
2023-04-11 16:14:19,712 : root : INFO : Current Prediction: 682:  E
2023-04-11 16:14:19,713 : root : INFO : Current Prediction: 683:  B
2023-04-11 16:14:45,496 : root : INFO : Current Prediction: 684:  D
2023-04-11 16:14:45,496 : root : INFO : Current Prediction: 685:  C
2023-04-11 16:14:55,646 : root : INFO : Current Prediction: 686:  A
2023-04-11 16:14:55,646 : root : INFO : Current Prediction: 687:  E
2023-04-11 16:15:16,119 : root : INFO : Current Prediction: 688:  B
2023-04-11 16:15:16,119 : root : INFO : Current Prediction: 689:  B
2023-04-11 16:15:59,494 : root : INFO : Current Prediction: 690:  E
2023-04-11 16:15:59,495 : root : INFO : Current Prediction: 691:  B
2023-04-11 16:16:08,767 : root : INFO : Current Prediction: 692:  A
2023-04-11 16:16:08,768 : root : INFO : Current Prediction: 693:  D
2023-04-11 16:16:12,875 : root : INFO : Current Prediction: 694:  B
2023-04-11 16:16:12,876 : root : INFO : Current Prediction: 695:  D
2023-04-11 16:16:25,330 : root : INFO : Current Prediction: 696:  B
2023-04-11 16:16:25,331 : root : INFO : Current Prediction: 697:  B
2023-04-11 16:16:37,557 : root : INFO : Current Prediction: 698:  B
2023-04-11 16:16:37,557 : root : INFO : Current Prediction: 699:  D
2023-04-11 16:16:55,605 : root : INFO : Current Prediction: 700:  E
2023-04-11 16:16:55,605 : root : INFO : Current Prediction: 701:  C
2023-04-11 16:17:20,633 : root : INFO : Current Prediction: 702:  C
2023-04-11 16:17:20,633 : root : INFO : Current Prediction: 703:  D
2023-04-11 16:17:34,698 : root : INFO : Current Prediction: 704:  B
2023-04-11 16:17:34,698 : root : INFO : Current Prediction: 705:  B
2023-04-11 16:17:42,376 : root : INFO : Current Prediction: 706:  A
2023-04-11 16:17:42,377 : root : INFO : Current Prediction: 707:  A
2023-04-11 16:17:54,744 : root : INFO : Current Prediction: 708:  A
2023-04-11 16:17:54,744 : root : INFO : Current Prediction: 709:  C
2023-04-11 16:18:16,846 : root : INFO : Current Prediction: 710:  A
2023-04-11 16:18:16,847 : root : INFO : Current Prediction: 711:  E
2023-04-11 16:18:29,820 : root : INFO : Current Prediction: 712:  B
2023-04-11 16:18:29,820 : root : INFO : Current Prediction: 713:  E
2023-04-11 16:18:48,237 : root : INFO : Current Prediction: 714:  C
2023-04-11 16:18:48,237 : root : INFO : Current Prediction: 715:  C
2023-04-11 16:19:05,467 : root : INFO : Current Prediction: 716:  B
2023-04-11 16:19:05,468 : root : INFO : Current Prediction: 717:  E
2023-04-11 16:19:13,397 : root : INFO : Current Prediction: 718:  C
2023-04-11 16:19:13,397 : root : INFO : Current Prediction: 719:  B
2023-04-11 16:19:25,116 : root : INFO : Current Prediction: 720:  E
2023-04-11 16:19:25,117 : root : INFO : Current Prediction: 721:  A
2023-04-11 16:20:09,206 : root : INFO : Current Prediction: 722:  E
2023-04-11 16:20:09,206 : root : INFO : Current Prediction: 723:  D
2023-04-11 16:20:30,204 : root : INFO : Current Prediction: 724:  C
2023-04-11 16:20:30,204 : root : INFO : Current Prediction: 725:  E
2023-04-11 16:20:39,112 : root : INFO : Current Prediction: 726:  A
2023-04-11 16:20:39,113 : root : INFO : Current Prediction: 727:  D
2023-04-11 16:20:55,060 : root : INFO : Current Prediction: 728:  A
2023-04-11 16:20:55,060 : root : INFO : Current Prediction: 729:  D
2023-04-11 16:21:22,667 : root : INFO : Current Prediction: 730:  B
2023-04-11 16:21:22,667 : root : INFO : Current Prediction: 731:  B
2023-04-11 16:21:32,198 : root : INFO : Current Prediction: 732:  E
2023-04-11 16:21:32,198 : root : INFO : Current Prediction: 733:  C
2023-04-11 16:21:59,708 : root : INFO : Current Prediction: 734:  B
2023-04-11 16:21:59,709 : root : INFO : Current Prediction: 735:  C
2023-04-11 16:22:20,085 : root : INFO : Current Prediction: 736:  C
2023-04-11 16:22:20,085 : root : INFO : Current Prediction: 737:  C
2023-04-11 16:22:25,214 : root : INFO : Current Prediction: 738:  A
2023-04-11 16:22:25,215 : root : INFO : Current Prediction: 739:  A
2023-04-11 16:22:55,305 : root : INFO : Current Prediction: 740:  C
2023-04-11 16:22:55,305 : root : INFO : Current Prediction: 741:  A
2023-04-11 16:23:20,603 : root : INFO : Current Prediction: 742:  B
2023-04-11 16:23:20,603 : root : INFO : Current Prediction: 743:  A
2023-04-11 16:23:31,780 : root : INFO : Current Prediction: 744:  D
2023-04-11 16:23:31,780 : root : INFO : Current Prediction: 745:  C
2023-04-11 16:23:43,185 : root : INFO : Current Prediction: 746:  A
2023-04-11 16:23:43,186 : root : INFO : Current Prediction: 747:  E
2023-04-11 16:23:57,625 : root : INFO : Current Prediction: 748:  E
2023-04-11 16:23:57,625 : root : INFO : Current Prediction: 749:  C
2023-04-11 16:24:01,368 : root : INFO : Current Prediction: 750:  B
2023-04-11 16:24:01,368 : root : INFO : Current Prediction: 751:  C
2023-04-11 16:24:12,379 : root : INFO : Current Prediction: 752:  E
2023-04-11 16:24:12,380 : root : INFO : Current Prediction: 753:  B
2023-04-11 16:24:26,603 : root : INFO : Current Prediction: 754:  E
2023-04-11 16:24:26,604 : root : INFO : Current Prediction: 755:  C
2023-04-11 16:24:32,836 : root : INFO : Current Prediction: 756:  E
2023-04-11 16:24:32,836 : root : INFO : Current Prediction: 757:  A
2023-04-11 16:25:10,155 : root : INFO : Current Prediction: 758:  E
2023-04-11 16:25:10,156 : root : INFO : Current Prediction: 759:  E
2023-04-11 16:25:18,344 : root : INFO : Current Prediction: 760:  B
2023-04-11 16:25:18,344 : root : INFO : Current Prediction: 761:  E
2023-04-11 16:25:29,309 : root : INFO : Current Prediction: 762:  B
2023-04-11 16:25:29,309 : root : INFO : Current Prediction: 763:  B
2023-04-11 16:25:39,987 : root : INFO : Current Prediction: 764:  E
2023-04-11 16:25:39,988 : root : INFO : Current Prediction: 765:  E
2023-04-11 16:25:45,671 : root : INFO : Current Prediction: 766:  D
2023-04-11 16:25:45,672 : root : INFO : Current Prediction: 767:  A
2023-04-11 16:26:04,262 : root : INFO : Current Prediction: 768:  C
2023-04-11 16:26:04,263 : root : INFO : Current Prediction: 769:  D
2023-04-11 16:26:12,192 : root : INFO : Current Prediction: 770:  C
2023-04-11 16:26:12,193 : root : INFO : Current Prediction: 771:  D
2023-04-11 16:26:25,020 : root : INFO : Current Prediction: 772:  A
2023-04-11 16:26:25,020 : root : INFO : Current Prediction: 773:  D
2023-04-11 16:26:31,384 : root : INFO : Current Prediction: 774:  E
2023-04-11 16:26:31,384 : root : INFO : Current Prediction: 775:  B
2023-04-11 16:26:38,775 : root : INFO : Current Prediction: 776:  E
2023-04-11 16:26:38,775 : root : INFO : Current Prediction: 777:  E
2023-04-11 16:26:50,390 : root : INFO : Current Prediction: 778:  B
2023-04-11 16:26:50,390 : root : INFO : Current Prediction: 779:  A
2023-04-11 16:27:05,570 : root : INFO : Current Prediction: 780:  C
2023-04-11 16:27:05,571 : root : INFO : Current Prediction: 781:  C
2023-04-11 16:27:15,496 : root : INFO : Current Prediction: 782:  E
2023-04-11 16:27:15,496 : root : INFO : Current Prediction: 783:  A
2023-04-11 16:27:28,940 : root : INFO : Current Prediction: 784:  A
2023-04-11 16:27:28,940 : root : INFO : Current Prediction: 785:  C
2023-04-11 16:27:46,084 : root : INFO : Current Prediction: 786:  B
2023-04-11 16:27:46,084 : root : INFO : Current Prediction: 787:  E
2023-04-11 16:27:49,885 : root : INFO : Current Prediction: 788:  A
2023-04-11 16:27:49,885 : root : INFO : Current Prediction: 789:  E
2023-04-11 16:28:33,399 : root : INFO : Current Prediction: 790:  A
2023-04-11 16:28:33,399 : root : INFO : Current Prediction: 791:  E
2023-04-11 16:28:46,947 : root : INFO : Current Prediction: 792:  B
2023-04-11 16:28:46,947 : root : INFO : Current Prediction: 793:  D
2023-04-11 16:28:53,867 : root : INFO : Current Prediction: 794:  C
2023-04-11 16:28:53,867 : root : INFO : Current Prediction: 795:  D
2023-04-11 16:29:06,368 : root : INFO : Current Prediction: 796:  C
2023-04-11 16:29:06,368 : root : INFO : Current Prediction: 797:  B
2023-04-11 16:29:52,612 : root : INFO : Current Prediction: 798:  A
2023-04-11 16:29:52,613 : root : INFO : Current Prediction: 799:  C
2023-04-11 16:30:16,340 : root : INFO : Current Prediction: 800:  B
2023-04-11 16:30:16,340 : root : INFO : Current Prediction: 801:  B
2023-04-11 16:30:46,096 : root : INFO : Current Prediction: 802:  C
2023-04-11 16:30:46,096 : root : INFO : Current Prediction: 803:  B
2023-04-11 16:30:55,139 : root : INFO : Current Prediction: 804:  B
2023-04-11 16:30:55,139 : root : INFO : Current Prediction: 805:  A
2023-04-11 16:30:59,957 : root : INFO : Current Prediction: 806:  B
2023-04-11 16:30:59,957 : root : INFO : Current Prediction: 807:  A
2023-04-11 16:31:06,017 : root : INFO : Current Prediction: 808:  E
2023-04-11 16:31:06,017 : root : INFO : Current Prediction: 809:  B
2023-04-11 16:31:13,409 : root : INFO : Current Prediction: 810:  A
2023-04-11 16:31:13,409 : root : INFO : Current Prediction: 811:  E
2023-04-11 16:31:24,569 : root : INFO : Current Prediction: 812:  B
2023-04-11 16:31:24,570 : root : INFO : Current Prediction: 813:  B
2023-04-11 16:31:31,598 : root : INFO : Current Prediction: 814:  D
2023-04-11 16:31:31,599 : root : INFO : Current Prediction: 815:  E
2023-04-11 16:31:35,392 : root : INFO : Current Prediction: 816:  C
2023-04-11 16:31:35,393 : root : INFO : Current Prediction: 817:  A
2023-04-11 16:32:00,441 : root : INFO : Current Prediction: 818:  B
2023-04-11 16:32:00,441 : root : INFO : Current Prediction: 819:  B
2023-04-11 16:32:10,752 : root : INFO : Current Prediction: 820:  B
2023-04-11 16:32:10,752 : root : INFO : Current Prediction: 821:  D
2023-04-11 16:32:16,725 : root : INFO : Current Prediction: 822:  E
2023-04-11 16:32:16,725 : root : INFO : Current Prediction: 823:  A
2023-04-11 16:32:22,206 : root : INFO : Current Prediction: 824:  E
2023-04-11 16:32:22,207 : root : INFO : Current Prediction: 825:  C
2023-04-11 16:32:28,336 : root : INFO : Current Prediction: 826:  C
2023-04-11 16:32:28,337 : root : INFO : Current Prediction: 827:  C
2023-04-11 16:32:33,529 : root : INFO : Current Prediction: 828:  D
2023-04-11 16:32:33,530 : root : INFO : Current Prediction: 829:  C
2023-04-11 16:32:47,837 : root : INFO : Current Prediction: 830:  D
2023-04-11 16:32:47,837 : root : INFO : Current Prediction: 831:  C
2023-04-11 16:32:59,111 : root : INFO : Current Prediction: 832:  B
2023-04-11 16:32:59,111 : root : INFO : Current Prediction: 833:  E
2023-04-11 16:33:15,638 : root : INFO : Current Prediction: 834:  B
2023-04-11 16:33:15,639 : root : INFO : Current Prediction: 835:  A
2023-04-11 16:33:21,891 : root : INFO : Current Prediction: 836:  B
2023-04-11 16:33:21,891 : root : INFO : Current Prediction: 837:  A
2023-04-11 16:33:33,791 : root : INFO : Current Prediction: 838:  C
2023-04-11 16:33:33,792 : root : INFO : Current Prediction: 839:  A
2023-04-11 16:34:12,672 : root : INFO : Current Prediction: 840:  D
2023-04-11 16:34:12,672 : root : INFO : Current Prediction: 841:  D
2023-04-11 16:34:26,060 : root : INFO : Current Prediction: 842:  C
2023-04-11 16:34:26,060 : root : INFO : Current Prediction: 843:  D
2023-04-11 16:34:32,729 : root : INFO : Current Prediction: 844:  E
2023-04-11 16:34:32,729 : root : INFO : Current Prediction: 845:  B
2023-04-11 16:34:44,631 : root : INFO : Current Prediction: 846:  B
2023-04-11 16:34:44,632 : root : INFO : Current Prediction: 847:  B
2023-04-11 16:34:49,596 : root : INFO : Current Prediction: 848:  D
2023-04-11 16:34:49,596 : root : INFO : Current Prediction: 849:  A
2023-04-11 16:34:54,949 : root : INFO : Current Prediction: 850:  B
2023-04-11 16:34:54,949 : root : INFO : Current Prediction: 851:  E
2023-04-11 16:35:07,506 : root : INFO : Current Prediction: 852:  E
2023-04-11 16:35:07,506 : root : INFO : Current Prediction: 853:  E
2023-04-11 16:35:19,049 : root : INFO : Current Prediction: 854:  A
2023-04-11 16:35:19,050 : root : INFO : Current Prediction: 855:  D
2023-04-11 16:35:49,758 : root : INFO : Current Prediction: 856:  B
2023-04-11 16:35:49,758 : root : INFO : Current Prediction: 857:  A
2023-04-11 16:36:02,697 : root : INFO : Current Prediction: 858:  A
2023-04-11 16:36:02,697 : root : INFO : Current Prediction: 859:  E
2023-04-11 16:36:43,892 : root : INFO : Current Prediction: 860:  D
2023-04-11 16:36:43,893 : root : INFO : Current Prediction: 861:  E
2023-04-11 16:36:55,792 : root : INFO : Current Prediction: 862:  B
2023-04-11 16:36:55,792 : root : INFO : Current Prediction: 863:  A
2023-04-11 16:37:06,943 : root : INFO : Current Prediction: 864:  B
2023-04-11 16:37:06,943 : root : INFO : Current Prediction: 865:  D
2023-04-11 16:37:26,499 : root : INFO : Current Prediction: 866:  D
2023-04-11 16:37:26,500 : root : INFO : Current Prediction: 867:  E
2023-04-11 16:37:34,197 : root : INFO : Current Prediction: 868:  A
2023-04-11 16:37:34,197 : root : INFO : Current Prediction: 869:  D
2023-04-11 16:37:48,300 : root : INFO : Current Prediction: 870:  E
2023-04-11 16:37:48,301 : root : INFO : Current Prediction: 871:  E
2023-04-11 16:38:01,784 : root : INFO : Current Prediction: 872:  E
2023-04-11 16:38:01,784 : root : INFO : Current Prediction: 873:  E
2023-04-11 16:38:15,140 : root : INFO : Current Prediction: 874:  C
2023-04-11 16:38:15,141 : root : INFO : Current Prediction: 875:  C
2023-04-11 16:38:29,005 : root : INFO : Current Prediction: 876:  E
2023-04-11 16:38:29,005 : root : INFO : Current Prediction: 877:  C
2023-04-11 16:38:52,363 : root : INFO : Current Prediction: 878:  D
2023-04-11 16:38:52,364 : root : INFO : Current Prediction: 879:  D
2023-04-11 16:39:02,572 : root : INFO : Current Prediction: 880:  E
2023-04-11 16:39:02,572 : root : INFO : Current Prediction: 881:  D
2023-04-11 16:39:09,492 : root : INFO : Current Prediction: 882:  B
2023-04-11 16:39:09,492 : root : INFO : Current Prediction: 883:  C
2023-04-11 16:39:25,008 : root : INFO : Current Prediction: 884:  C
2023-04-11 16:39:25,008 : root : INFO : Current Prediction: 885:  A
2023-04-11 16:39:32,640 : root : INFO : Current Prediction: 886:  E
2023-04-11 16:39:32,640 : root : INFO : Current Prediction: 887:  A
2023-04-11 16:39:40,322 : root : INFO : Current Prediction: 888:  E
2023-04-11 16:39:40,322 : root : INFO : Current Prediction: 889:  A
2023-04-11 16:39:52,495 : root : INFO : Current Prediction: 890:  B
2023-04-11 16:39:52,496 : root : INFO : Current Prediction: 891:  B
2023-04-11 16:40:10,970 : root : INFO : Current Prediction: 892:  C
2023-04-11 16:40:10,971 : root : INFO : Current Prediction: 893:  D
2023-04-11 16:40:27,928 : root : INFO : Current Prediction: 894:  B
2023-04-11 16:40:27,929 : root : INFO : Current Prediction: 895:  C
2023-04-11 16:40:33,215 : root : INFO : Current Prediction: 896:  E
2023-04-11 16:40:33,216 : root : INFO : Current Prediction: 897:  E
2023-04-11 16:40:54,212 : root : INFO : Current Prediction: 898:  A
2023-04-11 16:40:54,213 : root : INFO : Current Prediction: 899:  C
2023-04-11 16:41:10,499 : root : INFO : Current Prediction: 900:  D
2023-04-11 16:41:10,500 : root : INFO : Current Prediction: 901:  E
2023-04-11 16:41:36,624 : root : INFO : Current Prediction: 902:  A
2023-04-11 16:41:36,634 : root : INFO : Current Prediction: 903:  E
2023-04-11 16:41:46,443 : root : INFO : Current Prediction: 904:  B
2023-04-11 16:41:46,443 : root : INFO : Current Prediction: 905:  C
2023-04-11 16:41:54,703 : root : INFO : Current Prediction: 906:  C
2023-04-11 16:41:54,703 : root : INFO : Current Prediction: 907:  A
2023-04-11 16:42:06,054 : root : INFO : Current Prediction: 908:  D
2023-04-11 16:42:06,054 : root : INFO : Current Prediction: 909:  E
2023-04-11 16:42:33,207 : root : INFO : Current Prediction: 910:  C
2023-04-11 16:42:33,208 : root : INFO : Current Prediction: 911:  C
2023-04-11 16:42:47,957 : root : INFO : Current Prediction: 912:  C
2023-04-11 16:42:47,957 : root : INFO : Current Prediction: 913:  C
2023-04-11 16:42:58,338 : root : INFO : Current Prediction: 914:  D
2023-04-11 16:42:58,338 : root : INFO : Current Prediction: 915:  C
2023-04-11 16:43:15,871 : root : INFO : Current Prediction: 916:  A
2023-04-11 16:43:15,872 : root : INFO : Current Prediction: 917:  D
2023-04-11 16:43:32,368 : root : INFO : Current Prediction: 918:  A
2023-04-11 16:43:32,368 : root : INFO : Current Prediction: 919:  D
2023-04-11 16:43:49,444 : root : INFO : Current Prediction: 920:  E
2023-04-11 16:43:49,444 : root : INFO : Current Prediction: 921:  B
2023-04-11 16:43:59,113 : root : INFO : Current Prediction: 922:  A
2023-04-11 16:43:59,113 : root : INFO : Current Prediction: 923:  C
2023-04-11 16:44:21,395 : root : INFO : Current Prediction: 924:  C
2023-04-11 16:44:21,395 : root : INFO : Current Prediction: 925:  B
2023-04-11 16:44:44,950 : root : INFO : Current Prediction: 926:  C
2023-04-11 16:44:44,951 : root : INFO : Current Prediction: 927:  C
2023-04-11 16:45:17,712 : root : INFO : Current Prediction: 928:  A
2023-04-11 16:45:17,713 : root : INFO : Current Prediction: 929:  E
2023-04-11 16:45:49,241 : root : INFO : Current Prediction: 930:  D
2023-04-11 16:45:49,241 : root : INFO : Current Prediction: 931:  D
2023-04-11 16:46:06,023 : root : INFO : Current Prediction: 932:  B
2023-04-11 16:46:06,024 : root : INFO : Current Prediction: 933:  C
2023-04-11 16:46:25,321 : root : INFO : Current Prediction: 934:  E
2023-04-11 16:46:25,322 : root : INFO : Current Prediction: 935:  E
2023-04-11 16:46:59,180 : root : INFO : Current Prediction: 936:  C
2023-04-11 16:46:59,180 : root : INFO : Current Prediction: 937:  A
2023-04-11 16:47:24,213 : root : INFO : Current Prediction: 938:  E
2023-04-11 16:47:24,213 : root : INFO : Current Prediction: 939:  D
2023-04-11 16:47:38,307 : root : INFO : Current Prediction: 940:  D
2023-04-11 16:47:38,307 : root : INFO : Current Prediction: 941:  A
2023-04-11 16:47:50,945 : root : INFO : Current Prediction: 942:  C
2023-04-11 16:47:50,945 : root : INFO : Current Prediction: 943:  E
2023-04-11 16:48:04,224 : root : INFO : Current Prediction: 944:  A
2023-04-11 16:48:04,224 : root : INFO : Current Prediction: 945:  A
2023-04-11 16:48:14,324 : root : INFO : Current Prediction: 946:  B
2023-04-11 16:48:14,325 : root : INFO : Current Prediction: 947:  D
2023-04-11 16:48:28,840 : root : INFO : Current Prediction: 948:  C
2023-04-11 16:48:28,841 : root : INFO : Current Prediction: 949:  D
2023-04-11 16:48:36,066 : root : INFO : Current Prediction: 950:  D
2023-04-11 16:48:36,066 : root : INFO : Current Prediction: 951:  C
2023-04-11 16:48:53,967 : root : INFO : Current Prediction: 952:  C
2023-04-11 16:48:53,967 : root : INFO : Current Prediction: 953:  E
2023-04-11 16:49:09,125 : root : INFO : Current Prediction: 954:  A
2023-04-11 16:49:09,125 : root : INFO : Current Prediction: 955:  B
2023-04-11 16:49:14,193 : root : INFO : Current Prediction: 956:  E
2023-04-11 16:49:14,194 : root : INFO : Current Prediction: 957:  A
2023-04-11 16:49:21,647 : root : INFO : Current Prediction: 958:  B
2023-04-11 16:49:21,648 : root : INFO : Current Prediction: 959:  A
2023-04-11 16:49:39,084 : root : INFO : Current Prediction: 960:  A
2023-04-11 16:49:39,084 : root : INFO : Current Prediction: 961:  E
2023-04-11 16:50:07,932 : root : INFO : Current Prediction: 962:  B
2023-04-11 16:50:07,933 : root : INFO : Current Prediction: 963:  E
2023-04-11 16:50:18,159 : root : INFO : Current Prediction: 964:  B
2023-04-11 16:50:18,160 : root : INFO : Current Prediction: 965:  E
2023-04-11 16:50:46,864 : root : INFO : Current Prediction: 966:  B
2023-04-11 16:50:46,865 : root : INFO : Current Prediction: 967:  A
2023-04-11 16:51:03,655 : root : INFO : Current Prediction: 968:  B
2023-04-11 16:51:03,656 : root : INFO : Current Prediction: 969:  B
2023-04-11 16:51:16,864 : root : INFO : Current Prediction: 970:  D
2023-04-11 16:51:16,864 : root : INFO : Current Prediction: 971:  E
2023-04-11 16:51:25,916 : root : INFO : Current Prediction: 972:  D
2023-04-11 16:51:25,916 : root : INFO : Current Prediction: 973:  D
2023-04-11 16:51:48,581 : root : INFO : Current Prediction: 974:  A
2023-04-11 16:51:48,582 : root : INFO : Current Prediction: 975:  A
2023-04-11 16:52:09,165 : root : INFO : Current Prediction: 976:  C
2023-04-11 16:52:09,165 : root : INFO : Current Prediction: 977:  E
2023-04-11 16:52:27,778 : root : INFO : Current Prediction: 978:  C
2023-04-11 16:52:27,779 : root : INFO : Current Prediction: 979:  B
2023-04-11 16:52:34,071 : root : INFO : Current Prediction: 980:  A
2023-04-11 16:52:34,072 : root : INFO : Current Prediction: 981:  E
2023-04-11 16:52:39,728 : root : INFO : Current Prediction: 982:  D
2023-04-11 16:52:39,728 : root : INFO : Current Prediction: 983:  E
2023-04-11 16:52:56,634 : root : INFO : Current Prediction: 984:  A
2023-04-11 16:52:56,635 : root : INFO : Current Prediction: 985:  A
2023-04-11 16:53:05,204 : root : INFO : Current Prediction: 986:  D
2023-04-11 16:53:05,205 : root : INFO : Current Prediction: 987:  D
2023-04-11 16:53:12,220 : root : INFO : Current Prediction: 988:  E
2023-04-11 16:53:12,221 : root : INFO : Current Prediction: 989:  B
2023-04-11 16:53:27,592 : root : INFO : Current Prediction: 990:  D
2023-04-11 16:53:27,593 : root : INFO : Current Prediction: 991:  C
2023-04-11 16:54:26,280 : root : INFO : Current Prediction: 992:  C
2023-04-11 16:54:26,280 : root : INFO : Current Prediction: 993:  C
2023-04-11 16:54:33,391 : root : INFO : Current Prediction: 994:  D
2023-04-11 16:54:33,391 : root : INFO : Current Prediction: 995:  C
2023-04-11 16:54:39,645 : root : INFO : Current Prediction: 996:  C
2023-04-11 16:54:39,646 : root : INFO : Current Prediction: 997:  A
2023-04-11 16:54:45,018 : root : INFO : Current Prediction: 998:  E
2023-04-11 16:54:45,018 : root : INFO : Current Prediction: 999:  B
2023-04-11 16:55:11,015 : root : INFO : Current Prediction: 1000:  A
2023-04-11 16:55:11,015 : root : INFO : Current Prediction: 1001:  B
2023-04-11 16:55:23,948 : root : INFO : Current Prediction: 1002:  A
2023-04-11 16:55:23,949 : root : INFO : Current Prediction: 1003:  D
2023-04-11 16:55:36,134 : root : INFO : Current Prediction: 1004:  D
2023-04-11 16:55:36,134 : root : INFO : Current Prediction: 1005:  A
2023-04-11 16:55:53,224 : root : INFO : Current Prediction: 1006:  C
2023-04-11 16:55:53,225 : root : INFO : Current Prediction: 1007:  A
2023-04-11 16:56:15,314 : root : INFO : Current Prediction: 1008:  C
2023-04-11 16:56:15,314 : root : INFO : Current Prediction: 1009:  E
2023-04-11 16:56:27,741 : root : INFO : Current Prediction: 1010:  B
2023-04-11 16:56:27,742 : root : INFO : Current Prediction: 1011:  C
2023-04-11 16:56:35,747 : root : INFO : Current Prediction: 1012:  A
2023-04-11 16:56:35,748 : root : INFO : Current Prediction: 1013:  E
2023-04-11 16:56:45,537 : root : INFO : Current Prediction: 1014:  D
2023-04-11 16:56:45,538 : root : INFO : Current Prediction: 1015:  D
2023-04-11 16:56:51,287 : root : INFO : Current Prediction: 1016:  B
2023-04-11 16:56:51,287 : root : INFO : Current Prediction: 1017:  E
2023-04-11 16:57:18,350 : root : INFO : Current Prediction: 1018:  E
2023-04-11 16:57:18,350 : root : INFO : Current Prediction: 1019:  C
2023-04-11 16:57:23,313 : root : INFO : Current Prediction: 1020:  A
